<?xml version="1.0" encoding="UTF-8"?>
<!-- Generated by org.testng.reporters.JUnitXMLReporter -->
<testsuite ignored="0" hostname="Khosruz" failures="6" tests="12" name="Command line test" time="1.675" errors="0" timestamp="2024-05-28T21:16:22 EDT">
  <testcase classname="com.SeleniumTest.Automation.LocatorsTest" name="@BeforeMethod tearUp" time="1.609">
    <failure type="java.lang.IllegalStateException" message="The path to the driver executable Unable to locate the chromedriver executable; for more information on how to install drivers, see https://www.selenium.dev/documentation/webdriver/getting_started/install_drivers/">
      <![CDATA[java.lang.IllegalStateException: The path to the driver executable Unable to locate the chromedriver executable; for more information on how to install drivers, see https://www.selenium.dev/documentation/webdriver/getting_started/install_drivers/
at org.openqa.selenium.internal.Require$StateChecker.nonNull(Require.java:314)
at org.openqa.selenium.remote.service.DriverFinder.getPath(DriverFinder.java:33)
at org.openqa.selenium.chrome.ChromeDriver.generateExecutor(ChromeDriver.java:98)
at org.openqa.selenium.chrome.ChromeDriver.<init>(ChromeDriver.java:88)
at org.openqa.selenium.chrome.ChromeDriver.<init>(ChromeDriver.java:84)
at org.openqa.selenium.chrome.ChromeDriver.<init>(ChromeDriver.java:73)
at com.SeleniumTest.Automation.LocatorsTest.tearUp(LocatorsTest.java:39)
at java.base/java.util.ArrayList.forEach(ArrayList.java:1511)
... Removed 37 stack frames]]>
    </failure>
  </testcase> <!-- @BeforeMethod tearUp -->
  <testcase classname="com.SeleniumTest.Automation.LocatorsTest" name="@BeforeMethod tearUp" time="0.0">
    <skipped/>
  </testcase> <!-- @BeforeMethod tearUp -->
  <testcase classname="com.SeleniumTest.Automation.LocatorsTest" name="@BeforeMethod tearUp" time="0.0">
    <skipped/>
  </testcase> <!-- @BeforeMethod tearUp -->
  <testcase classname="com.SeleniumTest.Automation.LocatorsTest" name="@BeforeMethod tearUp" time="0.0">
    <skipped/>
  </testcase> <!-- @BeforeMethod tearUp -->
  <testcase classname="com.SeleniumTest.Automation.LocatorsTest" name="@BeforeMethod tearUp" time="0.0">
    <skipped/>
  </testcase> <!-- @BeforeMethod tearUp -->
  <testcase classname="com.SeleniumTest.Automation.LocatorsTest" name="@BeforeMethod tearUp" time="0.0">
    <skipped/>
  </testcase> <!-- @BeforeMethod tearUp -->
  <testcase classname="com.SeleniumTest.Automation.LocatorsTest" name="alrtHndl" time="0.0">
    <skipped/>
  </testcase> <!-- alrtHndl -->
  <testcase classname="com.SeleniumTest.Automation.LocatorsTest" name="lgn" time="0.0">
    <skipped/>
  </testcase> <!-- lgn -->
  <testcase classname="com.SeleniumTest.Automation.LocatorsTest" name="locatorsTest" time="0.0">
    <skipped/>
  </testcase> <!-- locatorsTest -->
  <testcase classname="com.SeleniumTest.Automation.LocatorsTest" name="multiPleWindows" time="0.0">
    <skipped/>
  </testcase> <!-- multiPleWindows -->
  <testcase classname="com.SeleniumTest.Automation.LocatorsTest" name="windowHndl" time="0.0">
    <skipped/>
  </testcase> <!-- windowHndl -->
  <testcase classname="com.SeleniumTest.Automation.LocatorsTest" name="hoverOvers" time="0.0">
    <skipped/>
  </testcase> <!-- hoverOvers -->
  <testcase classname="com.SeleniumTest.Automation.TestNG_DP" name="dataTable" time="0.006">
    <failure type="java.lang.IllegalStateException" message="The driver executable must exist: C:\MY_WORKS\Framework\Drivers\chromedriver.exe">
      <![CDATA[java.lang.IllegalStateException: The driver executable must exist: C:\MY_WORKS\Framework\Drivers\chromedriver.exe
at org.openqa.selenium.internal.Require$FileStateChecker.isFile(Require.java:345)
at org.openqa.selenium.remote.service.DriverFinder.getPath(DriverFinder.java:39)
at org.openqa.selenium.chrome.ChromeDriver.generateExecutor(ChromeDriver.java:98)
at org.openqa.selenium.chrome.ChromeDriver.<init>(ChromeDriver.java:88)
at org.openqa.selenium.chrome.ChromeDriver.<init>(ChromeDriver.java:84)
at org.openqa.selenium.chrome.ChromeDriver.<init>(ChromeDriver.java:52)
at com.SeleniumTest.Automation.TestNG_DP.dataTable(TestNG_DP.java:50)
at java.base/java.util.ArrayList.forEach(ArrayList.java:1511)
... Removed 33 stack frames]]>
    </failure>
  </testcase> <!-- dataTable -->
  <testcase classname="com.SeleniumTest.Automation.TestNG_DP" name="dpTest" time="0.002">
    <failure type="org.testng.internal.reflect.MethodMatcherException" message="
[public void com.SeleniumTest.Automation.TestNG_DP.dpTest(int,int)] has no parameters defined but was found to be using a data provider (either explicitly specified or inherited from class level annotation).
Data provider mismatch
Method: dpTest([int arg0, int arg1])
Arguments: [(java.lang.Integer) 1,(java.lang.Integer) 2,(java.lang.Integer) 3]">
      <![CDATA[org.testng.internal.reflect.MethodMatcherException: 
[public void com.SeleniumTest.Automation.TestNG_DP.dpTest(int,int)] has no parameters defined but was found to be using a data provider (either explicitly specified or inherited from class level annotation).
Data provider mismatch
Method: dpTest([int arg0, int arg1])
Arguments: [(java.lang.Integer) 1,(java.lang.Integer) 2,(java.lang.Integer) 3]
at java.base/java.util.ArrayList.forEach(ArrayList.java:1511)
... Removed 30 stack frames]]>
    </failure>
  </testcase> <!-- dpTest -->
  <testcase classname="com.SeleniumTest.Automation.TestNG_DP" name="loginTest" time="0.003">
    <failure type="java.lang.IllegalStateException" message="The driver executable must exist: C:\MY_WORKS\Framework\Drivers\chromedriver.exe">
      <![CDATA[java.lang.IllegalStateException: The driver executable must exist: C:\MY_WORKS\Framework\Drivers\chromedriver.exe
at org.openqa.selenium.internal.Require$FileStateChecker.isFile(Require.java:345)
at org.openqa.selenium.remote.service.DriverFinder.getPath(DriverFinder.java:39)
at org.openqa.selenium.chrome.ChromeDriver.generateExecutor(ChromeDriver.java:98)
at org.openqa.selenium.chrome.ChromeDriver.<init>(ChromeDriver.java:88)
at org.openqa.selenium.chrome.ChromeDriver.<init>(ChromeDriver.java:84)
at org.openqa.selenium.chrome.ChromeDriver.<init>(ChromeDriver.java:52)
at com.SeleniumTest.Automation.TestNG_DP.loginTest(TestNG_DP.java:27)
at java.base/java.util.ArrayList.forEach(ArrayList.java:1511)
... Removed 33 stack frames]]>
    </failure>
  </testcase> <!-- loginTest -->
  <testcase classname="com.SeleniumTest.Automation.TestNG_DP" name="loginTest" time="0.003">
    <failure type="java.lang.IllegalStateException" message="The driver executable must exist: C:\MY_WORKS\Framework\Drivers\chromedriver.exe">
      <![CDATA[java.lang.IllegalStateException: The driver executable must exist: C:\MY_WORKS\Framework\Drivers\chromedriver.exe
at org.openqa.selenium.internal.Require$FileStateChecker.isFile(Require.java:345)
at org.openqa.selenium.remote.service.DriverFinder.getPath(DriverFinder.java:39)
at org.openqa.selenium.chrome.ChromeDriver.generateExecutor(ChromeDriver.java:98)
at org.openqa.selenium.chrome.ChromeDriver.<init>(ChromeDriver.java:88)
at org.openqa.selenium.chrome.ChromeDriver.<init>(ChromeDriver.java:84)
at org.openqa.selenium.chrome.ChromeDriver.<init>(ChromeDriver.java:52)
at com.SeleniumTest.Automation.TestNG_DP.loginTest(TestNG_DP.java:27)
at java.base/java.util.ArrayList.forEach(ArrayList.java:1511)
... Removed 33 stack frames]]>
    </failure>
  </testcase> <!-- loginTest -->
  <testcase classname="com.SeleniumTest.Automation.TestNG_DP" name="loginTest" time="0.003">
    <failure type="java.lang.IllegalStateException" message="The driver executable must exist: C:\MY_WORKS\Framework\Drivers\chromedriver.exe">
      <![CDATA[java.lang.IllegalStateException: The driver executable must exist: C:\MY_WORKS\Framework\Drivers\chromedriver.exe
at org.openqa.selenium.internal.Require$FileStateChecker.isFile(Require.java:345)
at org.openqa.selenium.remote.service.DriverFinder.getPath(DriverFinder.java:39)
at org.openqa.selenium.chrome.ChromeDriver.generateExecutor(ChromeDriver.java:98)
at org.openqa.selenium.chrome.ChromeDriver.<init>(ChromeDriver.java:88)
at org.openqa.selenium.chrome.ChromeDriver.<init>(ChromeDriver.java:84)
at org.openqa.selenium.chrome.ChromeDriver.<init>(ChromeDriver.java:52)
at com.SeleniumTest.Automation.TestNG_DP.loginTest(TestNG_DP.java:27)
at java.base/java.util.ArrayList.forEach(ArrayList.java:1511)
... Removed 33 stack frames]]>
    </failure>
  </testcase> <!-- loginTest -->
  <testcase classname="com.SeleniumTest.Automation.TestNG_DP" name="loginTest" time="0.003">
    <failure type="java.lang.IllegalStateException" message="The driver executable must exist: C:\MY_WORKS\Framework\Drivers\chromedriver.exe">
      <![CDATA[java.lang.IllegalStateException: The driver executable must exist: C:\MY_WORKS\Framework\Drivers\chromedriver.exe
at org.openqa.selenium.internal.Require$FileStateChecker.isFile(Require.java:345)
at org.openqa.selenium.remote.service.DriverFinder.getPath(DriverFinder.java:39)
at org.openqa.selenium.chrome.ChromeDriver.generateExecutor(ChromeDriver.java:98)
at org.openqa.selenium.chrome.ChromeDriver.<init>(ChromeDriver.java:88)
at org.openqa.selenium.chrome.ChromeDriver.<init>(ChromeDriver.java:84)
at org.openqa.selenium.chrome.ChromeDriver.<init>(ChromeDriver.java:52)
at com.SeleniumTest.Automation.TestNG_DP.loginTest(TestNG_DP.java:27)
at java.base/java.util.ArrayList.forEach(ArrayList.java:1511)
... Removed 33 stack frames]]>
    </failure>
  </testcase> <!-- loginTest -->
</testsuite> <!-- Command line test -->
